<?xml version="1.0" encoding="UTF-8"?>
<!-- Generated by org.testng.reporters.JUnitXMLReporter -->
<testsuite ignored="0" hostname="LAPTOP-6BLT8BB7" failures="3" tests="3" name="Test(failed)" time="60.083" errors="0" timestamp="2023-08-24T13:47:27 IST">
  <testcase classname="com.nopCommerceapplication.testcases.DDLogintest" name="DdLogintest" time="4.847">
    <failure type="java.lang.AssertionError" message="expected [https://admin-demo.nopcommerce.com/admin/] but found [https://admin-demo.nopcommerce.com/login?returnurl=%2Fadmin%2F]">
      <![CDATA[java.lang.AssertionError: expected [https://admin-demo.nopcommerce.com/admin/] but found [https://admin-demo.nopcommerce.com/login?returnurl=%2Fadmin%2F]
at com.nopCommerceapplication.testcases.DDLogintest.DdLogintest(DDLogintest.java:36)
at java.base/java.util.ArrayList.forEach(ArrayList.java:1511)
... Removed 31 stack frames]]>
    </failure>
  </testcase> <!-- DdLogintest -->
  <testcase classname="com.nopCommerceapplication.testcases.DDLogintest" name="DdLogintest" time="3.418">
    <failure type="java.lang.AssertionError" message="expected [https://admin-demo.nopcommerce.com/admin/] but found [https://admin-demo.nopcommerce.com/login?returnurl=%2Fadmin%2F]">
      <![CDATA[java.lang.AssertionError: expected [https://admin-demo.nopcommerce.com/admin/] but found [https://admin-demo.nopcommerce.com/login?returnurl=%2Fadmin%2F]
at com.nopCommerceapplication.testcases.DDLogintest.DdLogintest(DDLogintest.java:36)
at java.base/java.util.ArrayList.forEach(ArrayList.java:1511)
... Removed 31 stack frames]]>
    </failure>
  </testcase> <!-- DdLogintest -->
  <testcase classname="com.nopCommerceapplication.testcases.checkingorderstest" name="checkingorders" time="35.528">
    <failure type="org.openqa.selenium.ElementNotInteractableException" message="element not interactable
  (Session info: chrome=114.0.5735.199)
Build info: version: &amp;apos;3.14.0&amp;apos;, revision: &amp;apos;aacccce0&amp;apos;, time: &amp;apos;2018-08-02T20:19:58.91Z&amp;apos;
System info: host: &amp;apos;LAPTOP-6BLT8BB7&amp;apos;, ip: &amp;apos;192.168.1.6&amp;apos;, os.name: &amp;apos;Windows 11&amp;apos;, os.arch: &amp;apos;amd64&amp;apos;, os.version: &amp;apos;10.0&amp;apos;, java.version: &amp;apos;18.0.1&amp;apos;
Driver info: org.openqa.selenium.chrome.ChromeDriver
Capabilities {acceptInsecureCerts: false, browserName: chrome, browserVersion: 114.0.5735.199, chrome: {chromedriverVersion: 114.0.5735.90 (386bc09e8f4f..., userDataDir: C:\Users\arunn\AppData\Loca...}, goog:chromeOptions: {debuggerAddress: localhost:51728}, javascriptEnabled: true, networkConnectionEnabled: false, pageLoadStrategy: normal, platform: WINDOWS, platformName: WINDOWS, proxy: Proxy(), setWindowRect: true, strictFileInteractability: false, timeouts: {implicit: 0, pageLoad: 300000, script: 30000}, unhandledPromptBehavior: dismiss and notify, webauthn:extension:credBlob: true, webauthn:extension:largeBlob: true, webauthn:extension:minPinLength: true, webauthn:extension:prf: true, webauthn:virtualAuthenticators: true}
Session ID: 8a686d7fa7cced071f66a6b2993327b3">
      <![CDATA[org.openqa.selenium.ElementNotInteractableException: element not interactable
  (Session info: chrome=114.0.5735.199)
Build info: version: '3.14.0', revision: 'aacccce0', time: '2018-08-02T20:19:58.91Z'
System info: host: 'LAPTOP-6BLT8BB7', ip: '192.168.1.6', os.name: 'Windows 11', os.arch: 'amd64', os.version: '10.0', java.version: '18.0.1'
Driver info: org.openqa.selenium.chrome.ChromeDriver
Capabilities {acceptInsecureCerts: false, browserName: chrome, browserVersion: 114.0.5735.199, chrome: {chromedriverVersion: 114.0.5735.90 (386bc09e8f4f..., userDataDir: C:\Users\arunn\AppData\Loca...}, goog:chromeOptions: {debuggerAddress: localhost:51728}, javascriptEnabled: true, networkConnectionEnabled: false, pageLoadStrategy: normal, platform: WINDOWS, platformName: WINDOWS, proxy: Proxy(), setWindowRect: true, strictFileInteractability: false, timeouts: {implicit: 0, pageLoad: 300000, script: 30000}, unhandledPromptBehavior: dismiss and notify, webauthn:extension:credBlob: true, webauthn:extension:largeBlob: true, webauthn:extension:minPinLength: true, webauthn:extension:prf: true, webauthn:virtualAuthenticators: true}
Session ID: 8a686d7fa7cced071f66a6b2993327b3
at org.openqa.selenium.remote.http.W3CHttpResponseCodec.createException(W3CHttpResponseCodec.java:187)
at org.openqa.selenium.remote.http.W3CHttpResponseCodec.decode(W3CHttpResponseCodec.java:122)
at org.openqa.selenium.remote.http.W3CHttpResponseCodec.decode(W3CHttpResponseCodec.java:49)
at org.openqa.selenium.remote.HttpCommandExecutor.execute(HttpCommandExecutor.java:158)
at org.openqa.selenium.remote.service.DriverCommandExecutor.execute(DriverCommandExecutor.java:83)
at org.openqa.selenium.remote.RemoteWebDriver.execute(RemoteWebDriver.java:548)
at org.openqa.selenium.remote.RemoteWebElement.execute(RemoteWebElement.java:276)
at org.openqa.selenium.remote.RemoteWebElement.click(RemoteWebElement.java:83)
at org.openqa.selenium.support.pagefactory.internal.LocatingElementHandler.invoke(LocatingElementHandler.java:51)
at jdk.proxy2/jdk.proxy2.$Proxy15.click(Unknown Source)
at com.nopCommerceapplication.pageobject.checkingorderspage.Billingcountry(checkingorderspage.java:98)
at com.nopCommerceapplication.testcases.checkingorderstest.checkingorders(checkingorderstest.java:40)
at java.base/java.util.ArrayList.forEach(ArrayList.java:1511)
... Removed 30 stack frames]]>
    </failure>
  </testcase> <!-- checkingorders -->
</testsuite> <!-- Test(failed) -->
