<!DOCTYPE html PUBLIC "-//W3C//DTD XHTML 1.1//EN" "https://www.w3.org/TR/xhtml11/DTD/xhtml11.dtd">
<html xmlns="https://www.w3.org/1999/xhtml">
<head>
<meta http-equiv="content-type" content="text/html; charset=UTF-8"/>
<title>TestNG Report</title>
<style type="text/css">table {margin-bottom:10px;border-collapse:collapse;empty-cells:show}th,td {border:1px solid #009;padding:.25em .5em}th {vertical-align:bottom}td {vertical-align:top}table a {font-weight:bold}.stripe td {background-color: #E6EBF9}.num {text-align:right}.passedodd td {background-color: #3F3}.passedeven td {background-color: #0A0}.skippedodd td {background-color: #DDD}.skippedeven td {background-color: #CCC}.failedodd td,.attn {background-color: #F33}.failedeven td,.stripe .attn {background-color: #D00}.stacktrace {white-space:pre;font-family:monospace}.totop {font-size:85%;text-align:center;border-bottom:2px solid #000}.invisible {display:none}</style>
</head>
<body>
<table>
<tr><th>Test</th><th># Passed</th><th># Skipped</th><th># Retried</th><th># Failed</th><th>Time (ms)</th><th>Included Groups</th><th>Excluded Groups</th></tr>
<tr><th colspan="8">Suite</th></tr>
<tr><td><a href="#t0">Test</a></td><td class="num">7</td><td class="num">0</td><td class="num attn">2</td><td class="num attn">2</td><td class="num">106,165</td><td></td><td></td></tr>
</table>
<table id='summary'><thead><tr><th>Class</th><th>Method</th><th>Start</th><th>Time (ms)</th></tr></thead><tbody><tr><th colspan="4">Suite</th></tr></tbody><tbody id="t0"><tr><th colspan="4">Test &#8212; failed</th></tr><tr class="failedeven"><td rowspan="2">com.nopCommerceapplication.testcases.DatadrivenonLogin</td><td><a href="#m0">DdLogintest</a></td><td rowspan="2">1708673819035</td><td rowspan="2">1064</td></tr><tr class="failedeven"><td><a href="#m1">DdLogintest</a></td></tr><tr><th colspan="4">Test &#8212; retried</th></tr><tr class="retriedeven"><td rowspan="2">com.nopCommerceapplication.testcases.DatadrivenonLogin</td><td><a href="#m2">DdLogintest</a></td><td rowspan="2">1708673826696</td><td rowspan="2">97</td></tr><tr class="retriedeven"><td><a href="#m3">DdLogintest</a></td></tr><tr><th colspan="4">Test &#8212; passed</th></tr><tr class="passedeven"><td rowspan="1">com.nopCommerceapplication.testcases.Addcustomertest</td><td><a href="#m4">Addcustomer</a></td><td rowspan="1">1708673857127</td><td rowspan="1">10525</td></tr><tr class="passedodd"><td rowspan="1">com.nopCommerceapplication.testcases.DatadrivenonLogin</td><td><a href="#m5">DdLogintest</a></td><td rowspan="1">1708673800206</td><td rowspan="1">3859</td></tr><tr class="passedeven"><td rowspan="4">com.nopCommerceapplication.testcases.Logintest</td><td><a href="#m6">logintestwithinvalidcredentials</a></td><td rowspan="1">1708673777983</td><td rowspan="1">1079</td></tr><tr class="passedeven"><td><a href="#m7">logintestwithonlypasswordispassed</a></td><td rowspan="1">1708673792869</td><td rowspan="1">558</td></tr><tr class="passedeven"><td><a href="#m8">logintestwithonlyusernameispassed</a></td><td rowspan="1">1708673785392</td><td rowspan="1">1046</td></tr><tr class="passedeven"><td><a href="#m9">logintestwithvalidcredentials</a></td><td rowspan="1">1708673767773</td><td rowspan="1">3851</td></tr><tr class="passedodd"><td rowspan="1">com.nopCommerceapplication.testcases.checkingorderstest</td><td><a href="#m10">checkingorders</a></td><td rowspan="1">1708673838357</td><td rowspan="1">12054</td></tr></tbody>
</table>
<h2>Test</h2><h3 id="m0">com.nopCommerceapplication.testcases.DatadrivenonLogin#DdLogintest</h3><table class="result"><tr class="param"><th>Parameter #1</th><th>Parameter #2</th></tr><tr class="param stripe"><td>admin@yourstore.com</td><td>admin1</td></tr><tr><th colspan="2">Exception</th></tr><tr><td colspan="2"><div class="stacktrace">java.lang.AssertionError: expected [https://admin-demo.nopcommerce.com/admin/] but found [https://admin-demo.nopcommerce.com/login?returnurl=%2Fadmin%2F]
	at com.nopCommerceapplication.testcases.DatadrivenonLogin.DdLogintest(DatadrivenonLogin.java:34)
	at java.base/java.util.ArrayList.forEach(ArrayList.java:1511)
... Removed 33 stack frames</div></td></tr></table><p class="totop"><a href="#summary">back to summary</a></p>
<h3 id="m1">com.nopCommerceapplication.testcases.DatadrivenonLogin#DdLogintest</h3><table class="result"><tr class="param"><th>Parameter #1</th><th>Parameter #2</th></tr><tr class="param stripe"><td>null</td><td>null</td></tr><tr><th colspan="2">Exception</th></tr><tr><td colspan="2"><div class="stacktrace">java.lang.IllegalArgumentException: Keys to send should be a not null CharSequence
	at org.openqa.selenium.remote.RemoteWebElement.sendKeys(RemoteWebElement.java:96)
	at org.openqa.selenium.support.pagefactory.internal.LocatingElementHandler.invoke(LocatingElementHandler.java:51)
	at jdk.proxy2/jdk.proxy2.$Proxy16.sendKeys(Unknown Source)
	at com.nopCommerceapplication.pageobject.Loginpage.setusername(Loginpage.java:43)
	at com.nopCommerceapplication.testcases.DatadrivenonLogin.DdLogintest(DatadrivenonLogin.java:22)
	at java.base/java.util.ArrayList.forEach(ArrayList.java:1511)
... Removed 31 stack frames</div></td></tr></table><p class="totop"><a href="#summary">back to summary</a></p>
<h3 id="m2">com.nopCommerceapplication.testcases.DatadrivenonLogin#DdLogintest</h3><table class="result"><tr class="param"><th>Parameter #1</th><th>Parameter #2</th></tr><tr class="param stripe"><td>null</td><td>null</td></tr><tr><th colspan="2">Exception</th></tr><tr><td colspan="2"><div class="stacktrace">java.lang.IllegalArgumentException: Keys to send should be a not null CharSequence
	at org.openqa.selenium.remote.RemoteWebElement.sendKeys(RemoteWebElement.java:96)
	at org.openqa.selenium.support.pagefactory.internal.LocatingElementHandler.invoke(LocatingElementHandler.java:51)
	at jdk.proxy2/jdk.proxy2.$Proxy16.sendKeys(Unknown Source)
	at com.nopCommerceapplication.pageobject.Loginpage.setusername(Loginpage.java:43)
	at com.nopCommerceapplication.testcases.DatadrivenonLogin.DdLogintest(DatadrivenonLogin.java:22)
	at java.base/java.util.ArrayList.forEach(ArrayList.java:1511)
... Removed 31 stack frames</div></td></tr></table><p class="totop"><a href="#summary">back to summary</a></p>
<h3 id="m3">com.nopCommerceapplication.testcases.DatadrivenonLogin#DdLogintest</h3><table class="result"><tr class="param"><th>Parameter #1</th><th>Parameter #2</th></tr><tr class="param stripe"><td>admin@yourstore.com</td><td>admin1</td></tr><tr><th colspan="2">Exception</th></tr><tr><td colspan="2"><div class="stacktrace">java.lang.AssertionError: expected [https://admin-demo.nopcommerce.com/admin/] but found [https://admin-demo.nopcommerce.com/login?returnurl=%2Fadmin%2F]
	at com.nopCommerceapplication.testcases.DatadrivenonLogin.DdLogintest(DatadrivenonLogin.java:34)
	at java.base/java.util.ArrayList.forEach(ArrayList.java:1511)
... Removed 33 stack frames</div></td></tr></table><p class="totop"><a href="#summary">back to summary</a></p>
<h3 id="m4">com.nopCommerceapplication.testcases.Addcustomertest#Addcustomer</h3><table class="result"><tr><th class="invisible"/></tr></table><p class="totop"><a href="#summary">back to summary</a></p>
<h3 id="m5">com.nopCommerceapplication.testcases.DatadrivenonLogin#DdLogintest</h3><table class="result"><tr class="param"><th>Parameter #1</th><th>Parameter #2</th></tr><tr class="param stripe"><td>admin@yourstore.com</td><td>admin</td></tr></table><p class="totop"><a href="#summary">back to summary</a></p>
<h3 id="m6">com.nopCommerceapplication.testcases.Logintest#logintestwithinvalidcredentials</h3><table class="result"><tr><th class="invisible"/></tr></table><p class="totop"><a href="#summary">back to summary</a></p>
<h3 id="m7">com.nopCommerceapplication.testcases.Logintest#logintestwithonlypasswordispassed</h3><table class="result"><tr><th class="invisible"/></tr></table><p class="totop"><a href="#summary">back to summary</a></p>
<h3 id="m8">com.nopCommerceapplication.testcases.Logintest#logintestwithonlyusernameispassed</h3><table class="result"><tr><th class="invisible"/></tr></table><p class="totop"><a href="#summary">back to summary</a></p>
<h3 id="m9">com.nopCommerceapplication.testcases.Logintest#logintestwithvalidcredentials</h3><table class="result"><tr><th class="invisible"/></tr></table><p class="totop"><a href="#summary">back to summary</a></p>
<h3 id="m10">com.nopCommerceapplication.testcases.checkingorderstest#checkingorders</h3><table class="result"><tr><th class="invisible"/></tr></table><p class="totop"><a href="#summary">back to summary</a></p>
</body>
</html>
